<?xml version="1.0" encoding="UTF-8"?>
<!-- Generated by org.testng.reporters.JUnitReportReporter -->
<testsuite hostname="DESKTOP-R630L3V" failures="0" tests="3" name="Testngluminar.Crossbrowsertesting" time="81.000" errors="0" timestamp="2024-02-16T12:34:46 IST" skipped="0">
  <testcase classname="Testngluminar.Crossbrowsertesting" name="testing" time="29.941"/>
  <system-out/>
  <testcase classname="Testngluminar.Crossbrowsertesting" name="testing" time="23.962"/>
  <system-out/>
  <testcase classname="Testngluminar.Crossbrowsertesting" name="testing" time="27.097"/>
  <system-out/>
</testsuite> <!-- Testngluminar.Crossbrowsertesting -->
