<?xml version="1.0" encoding="UTF-8"?>
<!-- Generated by org.testng.reporters.JUnitReportReporter -->
<testsuite hostname="DESKTOP-R630L3V" failures="0" tests="1" name="Testngluminar.Multiplewindowhandle" time="155.072" errors="0" timestamp="2024-02-22T12:36:24 IST" skipped="0">
  <testcase classname="Testngluminar.Multiplewindowhandle" name="demoguru" time="155.072"/>
  <system-out/>
</testsuite> <!-- Testngluminar.Multiplewindowhandle -->
