<?xml version="1.0" encoding="UTF-8"?>
<!-- Generated by org.testng.reporters.JUnitReportReporter -->
<testsuite hostname="DESKTOP-R630L3V" failures="0" tests="1" name="Seleniumassignment.Amazonetestngmultiwindow" time="92.625" errors="0" timestamp="2024-02-22T13:12:51 IST" skipped="0">
  <testcase classname="Seleniumassignment.Amazonetestngmultiwindow" name="amazonetest" time="92.625"/>
  <system-out/>
</testsuite> <!-- Seleniumassignment.Amazonetestngmultiwindow -->
