<?xml version="1.0" encoding="UTF-8"?>
<!-- Generated by org.testng.reporters.JUnitReportReporter -->
<testsuite hostname="DESKTOP-R630L3V" failures="0" tests="1" name="testpkg.Fblogintestpagefactory" time="29.425" errors="0" timestamp="2024-03-10T19:12:06 IST" skipped="0">
  <testcase classname="testpkg.Fblogintestpagefactory" name="testlogin" time="29.425"/>
  <system-out/>
</testsuite> <!-- testpkg.Fblogintestpagefactory -->
