<?xml version="1.0" encoding="UTF-8"?>
<!-- Generated by org.testng.reporters.JUnitReportReporter -->
<testsuite hostname="DESKTOP-R630L3V" failures="0" tests="4" name="Testngluminar.New" time="0.031" errors="0" timestamp="2024-02-14T12:59:29 IST" skipped="0">
  <testcase classname="Testngluminar.New" name="test3" time="0.003"/>
  <system-out/>
  <testcase classname="Testngluminar.New" name="test1" time="0.018"/>
  <system-out/>
  <testcase classname="Testngluminar.New" name="test3" time="0.006"/>
  <system-out/>
  <testcase classname="Testngluminar.New" name="test2" time="0.004"/>
  <system-out/>
</testsuite> <!-- Testngluminar.New -->
