<?xml version="1.0" encoding="UTF-8"?>
<!-- Generated by org.testng.reporters.JUnitReportReporter -->
<testsuite hostname="DESKTOP-R630L3V" failures="0" tests="1" name="test.Blazedemoregisterpagetest" time="9.065" errors="0" timestamp="2024-02-27T21:09:40 IST" skipped="0">
  <testcase classname="test.Blazedemoregisterpagetest" name="testregister" time="9.065"/>
  <system-out/>
</testsuite> <!-- test.Blazedemoregisterpagetest -->
