<?xml version="1.0" encoding="UTF-8"?>
<!-- Generated by org.testng.reporters.JUnitReportReporter -->
<testsuite hostname="DESKTOP-R630L3V" failures="0" tests="2" name="Testngluminar.Groupingselenium" time="0.018" errors="0" timestamp="2024-02-15T12:13:27 IST" skipped="0">
  <testcase classname="Testngluminar.Groupingselenium" name="test2" time="0.002"/>
  <system-out/>
  <testcase classname="Testngluminar.Groupingselenium" name="test1" time="0.016"/>
  <system-out/>
</testsuite> <!-- Testngluminar.Groupingselenium -->
