<?xml version="1.0" encoding="UTF-8"?>
<!-- Generated by org.testng.reporters.JUnitReportReporter -->
<testsuite hostname="DESKTOP-R630L3V" failures="0" tests="1" name="Testngluminar.Draganddr" time="17.965" errors="0" timestamp="2024-02-19T12:53:27 IST" skipped="0">
  <testcase classname="Testngluminar.Draganddr" name="set" time="17.965"/>
  <system-out/>
</testsuite> <!-- Testngluminar.Draganddr -->
