<?xml version="1.0" encoding="UTF-8"?>
<!-- Generated by org.testng.reporters.JUnitReportReporter -->
<testsuite hostname="DESKTOP-R630L3V" failures="0" tests="1" name="test.Blazedemologintest" time="7.175" errors="0" timestamp="2024-02-27T21:57:38 IST" skipped="0">
  <testcase classname="test.Blazedemologintest" name="logintest" time="7.175"/>
  <system-out/>
</testsuite> <!-- test.Blazedemologintest -->
