<?xml version="1.0" encoding="UTF-8"?>
<!-- Generated by org.testng.reporters.JUnitReportReporter -->
<testsuite hostname="DESKTOP-R630L3V" failures="0" tests="1" name="extrawork.Travelkochidropdown" time="8.253" errors="0" timestamp="2024-03-13T22:04:20 IST" skipped="0">
  <testcase classname="extrawork.Travelkochidropdown" name="travelkochi" time="8.253"/>
  <system-out/>
</testsuite> <!-- extrawork.Travelkochidropdown -->
