<?xml version="1.0" encoding="UTF-8"?>
<!-- Generated by org.testng.reporters.JUnitReportReporter -->
<testsuite hostname="DESKTOP-R630L3V" failures="0" tests="1" name="Testngluminar.Parameterannotation" time="0.062" errors="0" timestamp="2024-02-15T12:47:37 IST" skipped="0">
  <testcase classname="Testngluminar.Parameterannotation" name="maintest" time="0.062"/>
  <system-out/>
</testsuite> <!-- Testngluminar.Parameterannotation -->
