<?xml version="1.0" encoding="UTF-8"?>
<!-- Generated by org.testng.reporters.JUnitReportReporter -->
<testsuite hostname="DESKTOP-R630L3V" failures="0" tests="1" name="Testngluminar.Robotclassfileupload" time="6.978" errors="0" timestamp="2024-02-24T11:59:04 IST" skipped="0">
  <testcase classname="Testngluminar.Robotclassfileupload" name="fileupload" time="6.978"/>
  <system-out/>
</testsuite> <!-- Testngluminar.Robotclassfileupload -->
