<?xml version="1.0" encoding="UTF-8"?>
<!-- Generated by org.testng.reporters.JUnitReportReporter -->
<testsuite hostname="DESKTOP-R630L3V" failures="0" tests="2" name="Testngluminar.Clicksinselenium" time="10.960" errors="0" timestamp="2024-02-20T12:58:36 IST" skipped="0">
  <testcase classname="Testngluminar.Clicksinselenium" name="test" time="6.966"/>
  <system-out/>
  <testcase classname="Testngluminar.Clicksinselenium" name="test2" time="3.994"/>
  <system-out/>
</testsuite> <!-- Testngluminar.Clicksinselenium -->
